(0000) 3000  0011000000000000 (   1)                 .ORIG x3000
(3000) 24B2  0010010010110010 (   3)                 LD    R2 B
(3001) 56E0  0101011011100000 (   4)                 AND   R3 R3 #0
(3002) E050  1110000001010000 (   5)                 LEA   R0 NewLine
(3003) F022  1111000000100010 (   6)                 TRAP  x22
(3004) E07E  1110000001111110 (   7) Loop            LEA   R0 Question
(3005) F022  1111000000100010 (   8)                 TRAP  x22
(3006) F020  1111000000100000 (   9)                 TRAP  x20
(3007) 1220  0001001000100000 (  10)                 ADD   R1 R0 #0
(3008) E04A  1110000001001010 (  11)                 LEA   R0 NewLine
(3009) F022  1111000000100010 (  12)                 TRAP  x22
(300A) 28A9  0010100010101001 (  13)                 LD    R4 C
(300B) 1244  0001001001000100 (  14)                 ADD   R1 R1 R4
(300C) 0811  0000100000010001 (  15)                 BRN   Err1
(300D) 28A7  0010100010100111 (  16)                 LD    R4 D
(300E) 1244  0001001001000100 (  17)                 ADD   R1 R1 R4
(300F) 020E  0000001000001110 (  18)                 BRP   Err1
(3010) 28A5  0010100010100101 (  19)                 LD    R4 E
(3011) 1244  0001001001000100 (  20)                 ADD   R1 R1 R4
(3012) 0413  0000010000010011 (  21)                 BRZ   Correct
(3013) 0805  0000100000000101 (  22)                 BRN   Tiny
(3014) E040  1110000001000000 (  23)                 LEA   R0 Big
(3015) F022  1111000000100010 (  24)                 TRAP  x22
(3016) E03C  1110000000111100 (  25)                 LEA   R0 NewLine
(3017) F022  1111000000100010 (  26)                 TRAP  x22
(3018) 0E09  0000111000001001 (  27)                 BRNZP Inc
(3019) E043  1110000001000011 (  28) Tiny            LEA   R0 Small
(301A) F022  1111000000100010 (  29)                 TRAP  x22
(301B) E037  1110000000110111 (  30)                 LEA   R0 NewLine
(301C) F022  1111000000100010 (  31)                 TRAP  x22
(301D) 0E04  0000111000000100 (  32)                 BRNZP Inc
(301E) E085  1110000010000101 (  33) Err1            LEA   R0 Error1
(301F) F022  1111000000100010 (  34)                 TRAP  x22
(3020) E032  1110000000110010 (  35)                 LEA   R0 NewLine
(3021) F022  1111000000100010 (  36)                 TRAP  x22
(3022) 16E1  0001011011100001 (  37) Inc             ADD   R3 R3 #1
(3023) 14BF  0001010010111111 (  38)                 ADD   R2 R2 #-1
(3024) 040B  0000010000001011 (  39)                 BRZ   Lost
(3025) 0FDE  0000111111011110 (  40)                 BRNZP Loop
(3026) E040  1110000001000000 (  41) Correct         LEA   R0 Congrats
(3027) F022  1111000000100010 (  42)                 TRAP  x22
(3028) 16E1  0001011011100001 (  43)                 ADD   R3 R3 #1
(3029) 10E0  0001000011100000 (  44)                 ADD   R0 R3 #0
(302A) 288C  0010100010001100 (  45)                 LD    R4 F
(302B) 1004  0001000000000100 (  46)                 ADD   R0 R0 R4
(302C) F021  1111000000100001 (  47)                 TRAP  x21
(302D) E04C  1110000001001100 (  48)                 LEA   R0 Guesses
(302E) F022  1111000000100010 (  49)                 TRAP  x22
(302F) 0E03  0000111000000011 (  50)                 BRNZP GG
(3030) E003  1110000000000011 (  51) Lost            LEA   R0 Lose
(3031) F022  1111000000100010 (  52)                 TRAP  x22
(3032) 0E00  0000111000000000 (  53)                 BRNZP GG
(3033) F025  1111000000100101 (  54) GG              TRAP  x25
(3034) 0047  0000000001000111 (  56) Lose            .FILL x0047
(3035) 0061  0000000001100001 (  56)                 .FILL x0061
(3036) 006D  0000000001101101 (  56)                 .FILL x006D
(3037) 0065  0000000001100101 (  56)                 .FILL x0065
(3038) 0020  0000000000100000 (  56)                 .FILL x0020
(3039) 004F  0000000001001111 (  56)                 .FILL x004F
(303A) 0076  0000000001110110 (  56)                 .FILL x0076
(303B) 0065  0000000001100101 (  56)                 .FILL x0065
(303C) 0072  0000000001110010 (  56)                 .FILL x0072
(303D) 002E  0000000000101110 (  56)                 .FILL x002E
(303E) 0020  0000000000100000 (  56)                 .FILL x0020
(303F) 0043  0000000001000011 (  56)                 .FILL x0043
(3040) 006F  0000000001101111 (  56)                 .FILL x006F
(3041) 0072  0000000001110010 (  56)                 .FILL x0072
(3042) 0072  0000000001110010 (  56)                 .FILL x0072
(3043) 0065  0000000001100101 (  56)                 .FILL x0065
(3044) 0063  0000000001100011 (  56)                 .FILL x0063
(3045) 0074  0000000001110100 (  56)                 .FILL x0074
(3046) 0020  0000000000100000 (  56)                 .FILL x0020
(3047) 0041  0000000001000001 (  56)                 .FILL x0041
(3048) 006E  0000000001101110 (  56)                 .FILL x006E
(3049) 0073  0000000001110011 (  56)                 .FILL x0073
(304A) 0077  0000000001110111 (  56)                 .FILL x0077
(304B) 0065  0000000001100101 (  56)                 .FILL x0065
(304C) 0072  0000000001110010 (  56)                 .FILL x0072
(304D) 0020  0000000000100000 (  56)                 .FILL x0020
(304E) 0069  0000000001101001 (  56)                 .FILL x0069
(304F) 0073  0000000001110011 (  56)                 .FILL x0073
(3050) 0020  0000000000100000 (  56)                 .FILL x0020
(3051) 0036  0000000000110110 (  56)                 .FILL x0036
(3052) 0000  0000000000000000 (  56)                 .FILL x0000
(3053) 000A  0000000000001010 (  57) NewLine         .FILL x000A
(3054) 0000  0000000000000000 (  57)                 .FILL x0000
(3055) 0054  0000000001010100 (  58) Big             .FILL x0054
(3056) 006F  0000000001101111 (  58)                 .FILL x006F
(3057) 006F  0000000001101111 (  58)                 .FILL x006F
(3058) 0020  0000000000100000 (  58)                 .FILL x0020
(3059) 0062  0000000001100010 (  58)                 .FILL x0062
(305A) 0069  0000000001101001 (  58)                 .FILL x0069
(305B) 0067  0000000001100111 (  58)                 .FILL x0067
(305C) 0000  0000000000000000 (  58)                 .FILL x0000
(305D) 0054  0000000001010100 (  59) Small           .FILL x0054
(305E) 006F  0000000001101111 (  59)                 .FILL x006F
(305F) 006F  0000000001101111 (  59)                 .FILL x006F
(3060) 0020  0000000000100000 (  59)                 .FILL x0020
(3061) 0073  0000000001110011 (  59)                 .FILL x0073
(3062) 006D  0000000001101101 (  59)                 .FILL x006D
(3063) 0061  0000000001100001 (  59)                 .FILL x0061
(3064) 006C  0000000001101100 (  59)                 .FILL x006C
(3065) 006C  0000000001101100 (  59)                 .FILL x006C
(3066) 0000  0000000000000000 (  59)                 .FILL x0000
(3067) 0043  0000000001000011 (  60) Congrats        .FILL x0043
(3068) 006F  0000000001101111 (  60)                 .FILL x006F
(3069) 0072  0000000001110010 (  60)                 .FILL x0072
(306A) 0072  0000000001110010 (  60)                 .FILL x0072
(306B) 0065  0000000001100101 (  60)                 .FILL x0065
(306C) 0063  0000000001100011 (  60)                 .FILL x0063
(306D) 0074  0000000001110100 (  60)                 .FILL x0074
(306E) 0021  0000000000100001 (  60)                 .FILL x0021
(306F) 0020  0000000000100000 (  60)                 .FILL x0020
(3070) 0059  0000000001011001 (  60)                 .FILL x0059
(3071) 006F  0000000001101111 (  60)                 .FILL x006F
(3072) 0075  0000000001110101 (  60)                 .FILL x0075
(3073) 0020  0000000000100000 (  60)                 .FILL x0020
(3074) 0074  0000000001110100 (  60)                 .FILL x0074
(3075) 006F  0000000001101111 (  60)                 .FILL x006F
(3076) 006F  0000000001101111 (  60)                 .FILL x006F
(3077) 006B  0000000001101011 (  60)                 .FILL x006B
(3078) 0020  0000000000100000 (  60)                 .FILL x0020
(3079) 0000  0000000000000000 (  60)                 .FILL x0000
(307A) 0020  0000000000100000 (  61) Guesses         .FILL x0020
(307B) 0067  0000000001100111 (  61)                 .FILL x0067
(307C) 0075  0000000001110101 (  61)                 .FILL x0075
(307D) 0065  0000000001100101 (  61)                 .FILL x0065
(307E) 0073  0000000001110011 (  61)                 .FILL x0073
(307F) 0073  0000000001110011 (  61)                 .FILL x0073
(3080) 0065  0000000001100101 (  61)                 .FILL x0065
(3081) 0073  0000000001110011 (  61)                 .FILL x0073
(3082) 0000  0000000000000000 (  61)                 .FILL x0000
(3083) 0047  0000000001000111 (  62) Question        .FILL x0047
(3084) 0075  0000000001110101 (  62)                 .FILL x0075
(3085) 0065  0000000001100101 (  62)                 .FILL x0065
(3086) 0073  0000000001110011 (  62)                 .FILL x0073
(3087) 0073  0000000001110011 (  62)                 .FILL x0073
(3088) 0020  0000000000100000 (  62)                 .FILL x0020
(3089) 0061  0000000001100001 (  62)                 .FILL x0061
(308A) 0020  0000000000100000 (  62)                 .FILL x0020
(308B) 006E  0000000001101110 (  62)                 .FILL x006E
(308C) 0075  0000000001110101 (  62)                 .FILL x0075
(308D) 006D  0000000001101101 (  62)                 .FILL x006D
(308E) 0062  0000000001100010 (  62)                 .FILL x0062
(308F) 0065  0000000001100101 (  62)                 .FILL x0065
(3090) 0072  0000000001110010 (  62)                 .FILL x0072
(3091) 0020  0000000000100000 (  62)                 .FILL x0020
(3092) 0062  0000000001100010 (  62)                 .FILL x0062
(3093) 0065  0000000001100101 (  62)                 .FILL x0065
(3094) 0074  0000000001110100 (  62)                 .FILL x0074
(3095) 0077  0000000001110111 (  62)                 .FILL x0077
(3096) 0065  0000000001100101 (  62)                 .FILL x0065
(3097) 0065  0000000001100101 (  62)                 .FILL x0065
(3098) 006E  0000000001101110 (  62)                 .FILL x006E
(3099) 0020  0000000000100000 (  62)                 .FILL x0020
(309A) 0030  0000000000110000 (  62)                 .FILL x0030
(309B) 0020  0000000000100000 (  62)                 .FILL x0020
(309C) 0061  0000000001100001 (  62)                 .FILL x0061
(309D) 006E  0000000001101110 (  62)                 .FILL x006E
(309E) 0064  0000000001100100 (  62)                 .FILL x0064
(309F) 0020  0000000000100000 (  62)                 .FILL x0020
(30A0) 0039  0000000000111001 (  62)                 .FILL x0039
(30A1) 003A  0000000000111010 (  62)                 .FILL x003A
(30A2) 0020  0000000000100000 (  62)                 .FILL x0020
(30A3) 0000  0000000000000000 (  62)                 .FILL x0000
(30A4) 0049  0000000001001001 (  63) Error1          .FILL x0049
(30A5) 006E  0000000001101110 (  63)                 .FILL x006E
(30A6) 0076  0000000001110110 (  63)                 .FILL x0076
(30A7) 0061  0000000001100001 (  63)                 .FILL x0061
(30A8) 006C  0000000001101100 (  63)                 .FILL x006C
(30A9) 0069  0000000001101001 (  63)                 .FILL x0069
(30AA) 0064  0000000001100100 (  63)                 .FILL x0064
(30AB) 0020  0000000000100000 (  63)                 .FILL x0020
(30AC) 0049  0000000001001001 (  63)                 .FILL x0049
(30AD) 006E  0000000001101110 (  63)                 .FILL x006E
(30AE) 0070  0000000001110000 (  63)                 .FILL x0070
(30AF) 0075  0000000001110101 (  63)                 .FILL x0075
(30B0) 0074  0000000001110100 (  63)                 .FILL x0074
(30B1) 0000  0000000000000000 (  63)                 .FILL x0000
(30B2) 0036  0000000000110110 (  64) A               .FILL x0036
(30B3) 0009  0000000000001001 (  65) B               .FILL x0009
(30B4) FFD0  1111111111010000 (  66) C               .FILL xFFD0
(30B5) FFF7  1111111111110111 (  67) D               .FILL xFFF7
(30B6) 0003  0000000000000011 (  68) E               .FILL x0003
(30B7) 0030  0000000000110000 (  69) F               .FILL x0030
